<?xml version="1.0" encoding="UTF-8"?>
<!-- Generated by org.testng.reporters.JUnitReportReporter -->
<testsuite hostname="NAVEENKUMARAN" failures="0" tests="3" name="CucumberOptions.TestNGRunner" time="0.152" errors="0" timestamp="2024-11-10T13:41:45 IST" skipped="0">
  <testcase classname="CucumberOptions.TestNGRunner" name="runScenario" time="0.130"/>
  <system-out/>
  <testcase classname="CucumberOptions.TestNGRunner" name="runScenario" time="0.014"/>
  <system-out/>
  <testcase classname="CucumberOptions.TestNGRunner" name="runScenario" time="0.008"/>
  <system-out/>
</testsuite> <!-- CucumberOptions.TestNGRunner -->
